inline_1 is success
ins2 is success
italy_osm is success
jan99jac120sc is success
juba40k is success
k3plates is success
kim1 is success
kkt_power is success
kron_g500-logn16 is success
kron_g500-logn17 is success
kron_g500-logn18 is success
kron_g500-logn19 is success
kron_g500-logn20 is success
laminar_duct3D is success
language is success
largebasis is success
ldoor is success
lhr34 is success
lhr34c is success
lhr71 is success
lhr71c is success
li is success
ljournal-2008 is success
Long_Coup_dt0 is success
Long_Coup_dt6 is success
lowThrust_10 is success
lowThrust_11 is success
lowThrust_12 is success
lowThrust_13 is success
lowThrust_4 is success
lowThrust_5 is success
lowThrust_6 is success
lowThrust_7 is success
lowThrust_8 is success
lowThrust_9 is success
lp1 is success
luxembourg_osm is success
m14b is success
mario001 is success
mario002 is success
mark3jac040sc is success
mark3jac060sc is success
me2010 is success
memplus is success
mip1 is success
ML_Laplace is success
mouse_gene is success
msc10848 is success
msc23052 is success
msdoor is success
m_t1 is success
mult_dcop_01 is success
mult_dcop_02 is success
mult_dcop_03 is success
NACA0015 is success
nasasrb is success
nd12k is success
nd24k is success
nd6k is success
net100 is success
net125 is success
net150 is success
net4-1 is success
net50 is success
net75 is success
netherlands_osm is success
nh2010 is success
NLR is success
NotreDame_www is success
nv2010 is success
ohne2 is success
oilpan is success
olafu is success
onetone2 is success
OPF_10000 is success
opt1 is success
p2p-Gnutella31 is success
parabolic_fem is success
patents is success
pattern1 is success
pcrystk02 is success
pcrystk03 is success
pct20stif is success
pdb1HYS is success
pds10 is success
PFlow_742 is success
pkustk01 is success
pkustk02 is success
pkustk03 is success
pkustk04 is success
pkustk05 is success
pkustk06 is success
pkustk07 is success
pkustk08 is success
pkustk09 is success
pkustk10 is success
pkustk11 is success
pkustk12 is success
pkustk13 is success
pkustk14 is success
pli is success
PR02R is success
Pres_Poisson is success
pwtk is success
qa8fk is success
qa8fm is success
raefsky3 is success
raefsky4 is success
rajat15 is success
rajat22 is success
rajat26 is success
rajat29 is success
rajat30 is success
ramage02 is success
Reuters911 is success
rgg_n_2_15_s0 is success
rgg_n_2_22_s0 is success
ri2010 is success
rim is success
RM07R is success
rma10 is success
roadNet-CA is success
roadNet-PA is success
roadNet-TX is success
s3dkq4m2 is success
s3dkt3m2 is success
s4dkt3m2 is success
Serena is success
shermanACb is success
ship_001 is success
ship_003 is success
shipsec1 is success
shipsec5 is success
shipsec8 is success
Si10H16 is success
Si34H36 is success
Si41Ge41H72 is success
Si5H12 is success
Si87H76 is success
sinc15 is success
SiO is success
SiO2 is success
skirt is success
smallworld is success
sme3Dc is success
smt is success
soc-LiveJournal1 is success
soc-sign-Slashdot090221 is success
sparsine is success
srb1 is success
Stanford is success
std1_Jac2 is success
std1_Jac3 is success
stokes128 is success
stokes64 is success
struct3 is success
t2dah is success
t2dah_a is success
t2dah_e is success
t3dh is success
t3dh_a is success
t3dh_e is success
t3dl is success
t3dl_a is success
tandem_vtx is success
ted_A is success
ted_AB is success
ted_AB_unscaled is success
ted_A_unscaled is success
ted_B_unscaled is success
thread is success
tmt_sym is success
torso1 is success
transient is success
trdheim is success
Trefethen_20000 is success
Trefethen_20000b is success
troll is success
TSOPF_FS_b162_c1 is success
TSOPF_FS_b162_c3 is success
TSOPF_FS_b162_c4 is success
TSOPF_FS_b300 is success
TSOPF_FS_b300_c1 is success
TSOPF_FS_b300_c2 is success
TSOPF_FS_b300_c3 is success
TSOPF_FS_b39_c19 is success
TSOPF_FS_b39_c30 is success
TSOPF_FS_b39_c7 is success
TSOPF_FS_b9_c6 is success
TSOPF_RS_b162_c3 is success
TSOPF_RS_b162_c4 is success
TSOPF_RS_b2052_c1 is success
TSOPF_RS_b2383 is success
TSOPF_RS_b2383_c1 is success
TSOPF_RS_b300_c1 is success
TSOPF_RS_b300_c2 is success
TSOPF_RS_b300_c3 is success
TSOPF_RS_b39_c19 is success
TSOPF_RS_b39_c30 is success
TSOPF_RS_b39_c7 is success
TSOPF_RS_b678_c1 is success
TSOPF_RS_b678_c2 is success
tsyl201 is success
tube1 is success
tube2 is success
turon_m is success
usroads is success
usroads-48 is success
vanbody is success
venturiLevel3 is success
vibrobox is success
viscorocks is success
vsp_barth5_1Ksep_50in_5Kout is success
vsp_bcsstk30_500sep_10in_1Kout is success
vsp_befref_fxm_2_4_air02 is success
vsp_bump2_e18_aa01_model1_crew1 is success
vsp_c-30_data_data is success
vsp_c-60_data_cti_cs4 is success
vsp_finan512_scagr7-2c_rlfddd is success
vsp_mod2_pgp2_slptsk is success
vsp_model1_crew1_cr42_south31 is success
vsp_msc10848_300sep_100in_1Kout is success
vsp_p0291_seymourl_iiasa is success
vsp_sctap1-2b_and_seymourl is success
vsp_south31_slptsk is success
vsp_vibrobox_scagr7-2c_rlfddd is success
vt2010 is success
wathen100 is success
wathen120 is success
web-Google is success
web-NotreDame is success
wikipedia-20051105 is success
wikipedia-20060925 is success
wikipedia-20061104 is success
wikipedia-20070206 is success
wiki-Talk is success
windscreen is success
wing_nodal is success
wy2010 is success
x104 is success
Zd_Jac2 is success
Zd_Jac3 is success
Zd_Jac6 is success
GitHub is success
artist is success
ell is success
amazon is success
amazon0505 is success
dd is success
yelp is success
comamazon is success
IGB_small is success
AmazonProducts is success
ogb is success
reddit is success
IGB_medium is success
yeast is success
blog is success
Total execution time: 87.85 minutes
