 ** On entry to cusparseCreate(): CUDA context cannot be initialized

 ** On entry to cusparseSpMM_bufferSize() parameter number 1 (handle) had an illegal value: NULL pointer

 ** On entry to cusparseSpMM() parameter number 1 (handle) had an illegal value: NULL pointer

 ** On entry to cusparseSpMM_bufferSize() parameter number 1 (handle) had an illegal value: NULL pointer

 ** On entry to cusparseSpMM() parameter number 1 (handle) had an illegal value: NULL pointer

 ** On entry to cusparseSpMM_bufferSize() parameter number 1 (handle) had an illegal value: NULL pointer

 ** On entry to cusparseSpMM() parameter number 1 (handle) had an illegal value: NULL pointer

 ** On entry to cusparseSpMM_bufferSize() parameter number 1 (handle) had an illegal value: NULL pointer

 ** On entry to cusparseSpMM() parameter number 1 (handle) had an illegal value: NULL pointer

 ** On entry to cusparseSpMM_bufferSize() parameter number 1 (handle) had an illegal value: NULL pointer

 ** On entry to cusparseSpMM() parameter number 1 (handle) had an illegal value: NULL pointer

 ** On entry to cusparseSpMM_bufferSize() parameter number 1 (handle) had an illegal value: NULL pointer

 ** On entry to cusparseSpMM() parameter number 1 (handle) had an illegal value: NULL pointer

 ** On entry to cusparseSpMM_bufferSize() parameter number 1 (handle) had an illegal value: NULL pointer

 ** On entry to cusparseSpMM() parameter number 1 (handle) had an illegal value: NULL pointer

 ** On entry to cusparseSpMM_bufferSize() parameter number 1 (handle) had an illegal value: NULL pointer

 ** On entry to cusparseSpMM() parameter number 1 (handle) had an illegal value: NULL pointer

 ** On entry to cusparseSpMM_bufferSize() parameter number 1 (handle) had an illegal value: NULL pointer

 ** On entry to cusparseSpMM() parameter number 1 (handle) had an illegal value: NULL pointer

 ** On entry to cusparseSpMM_bufferSize() parameter number 1 (handle) had an illegal value: NULL pointer

 ** On entry to cusparseSpMM() parameter number 1 (handle) had an illegal value: NULL pointer

 ** On entry to cusparseCreate(): CUDA context cannot be initialized

 ** On entry to cusparseSpMM_bufferSize() parameter number 1 (handle) had an illegal value: NULL pointer

 ** On entry to cusparseSpMM() parameter number 1 (handle) had an illegal value: NULL pointer

 ** On entry to cusparseSpMM_bufferSize() parameter number 1 (handle) had an illegal value: NULL pointer

 ** On entry to cusparseSpMM() parameter number 1 (handle) had an illegal value: NULL pointer

 ** On entry to cusparseSpMM_bufferSize() parameter number 1 (handle) had an illegal value: NULL pointer

 ** On entry to cusparseSpMM() parameter number 1 (handle) had an illegal value: NULL pointer

 ** On entry to cusparseSpMM_bufferSize() parameter number 1 (handle) had an illegal value: NULL pointer

 ** On entry to cusparseSpMM() parameter number 1 (handle) had an illegal value: NULL pointer

 ** On entry to cusparseSpMM_bufferSize() parameter number 1 (handle) had an illegal value: NULL pointer

 ** On entry to cusparseSpMM() parameter number 1 (handle) had an illegal value: NULL pointer

 ** On entry to cusparseSpMM_bufferSize() parameter number 1 (handle) had an illegal value: NULL pointer

 ** On entry to cusparseSpMM() parameter number 1 (handle) had an illegal value: NULL pointer

 ** On entry to cusparseSpMM_bufferSize() parameter number 1 (handle) had an illegal value: NULL pointer

 ** On entry to cusparseSpMM() parameter number 1 (handle) had an illegal value: NULL pointer

 ** On entry to cusparseSpMM_bufferSize() parameter number 1 (handle) had an illegal value: NULL pointer

 ** On entry to cusparseSpMM() parameter number 1 (handle) had an illegal value: NULL pointer

 ** On entry to cusparseSpMM_bufferSize() parameter number 1 (handle) had an illegal value: NULL pointer

 ** On entry to cusparseSpMM() parameter number 1 (handle) had an illegal value: NULL pointer

 ** On entry to cusparseSpMM_bufferSize() parameter number 1 (handle) had an illegal value: NULL pointer

 ** On entry to cusparseSpMM() parameter number 1 (handle) had an illegal value: NULL pointer

 ** On entry to cusparseCreate(): CUDA context cannot be initialized

 ** On entry to cusparseSpMM_bufferSize() parameter number 1 (handle) had an illegal value: NULL pointer

 ** On entry to cusparseSpMM() parameter number 1 (handle) had an illegal value: NULL pointer

 ** On entry to cusparseSpMM_bufferSize() parameter number 1 (handle) had an illegal value: NULL pointer

 ** On entry to cusparseSpMM() parameter number 1 (handle) had an illegal value: NULL pointer

 ** On entry to cusparseSpMM_bufferSize() parameter number 1 (handle) had an illegal value: NULL pointer

 ** On entry to cusparseSpMM() parameter number 1 (handle) had an illegal value: NULL pointer

 ** On entry to cusparseSpMM_bufferSize() parameter number 1 (handle) had an illegal value: NULL pointer

 ** On entry to cusparseSpMM() parameter number 1 (handle) had an illegal value: NULL pointer

 ** On entry to cusparseSpMM_bufferSize() parameter number 1 (handle) had an illegal value: NULL pointer

 ** On entry to cusparseSpMM() parameter number 1 (handle) had an illegal value: NULL pointer

 ** On entry to cusparseSpMM_bufferSize() parameter number 1 (handle) had an illegal value: NULL pointer

 ** On entry to cusparseSpMM() parameter number 1 (handle) had an illegal value: NULL pointer

 ** On entry to cusparseSpMM_bufferSize() parameter number 1 (handle) had an illegal value: NULL pointer

 ** On entry to cusparseSpMM() parameter number 1 (handle) had an illegal value: NULL pointer

 ** On entry to cusparseSpMM_bufferSize() parameter number 1 (handle) had an illegal value: NULL pointer

 ** On entry to cusparseSpMM() parameter number 1 (handle) had an illegal value: NULL pointer

 ** On entry to cusparseSpMM_bufferSize() parameter number 1 (handle) had an illegal value: NULL pointer

 ** On entry to cusparseSpMM() parameter number 1 (handle) had an illegal value: NULL pointer

 ** On entry to cusparseSpMM_bufferSize() parameter number 1 (handle) had an illegal value: NULL pointer

 ** On entry to cusparseSpMM() parameter number 1 (handle) had an illegal value: NULL pointer

144
2D_27628_bjtcai
2D_54019_highK
333SP
3D_28984_Tetra
3D_51448_3D
3Dspectralwave
3Dspectralwave2
3dtube
598a
a0nsdsil
a2nnsnsl
a5esindl
adaptive
af_0_k101
af_1_k101
af_2_k101
af_3_k101
af_4_k101
af_5_k101
af_shell1
af_shell10
af_shell2
af_shell3
af_shell4
af_shell5
af_shell6
af_shell7
af_shell8
af_shell9
ak2010
amazon0505
Andrews
AS365
as-caida
as-Skitter
astro-ph
auto
barrier2-1
barrier2-10
barrier2-11
barrier2-12
barrier2-2
barrier2-3
barrier2-4
barrier2-9
bauru5727
bbmat
bcsstk17
bcsstk18
bcsstk25
bcsstk29
bcsstk30
bcsstk31
bcsstk32
bcsstk35
bcsstk36
bcsstk37
bcsstk39
bcsstm36
belgium_osm
BenElechi1
blockqp1
bloweya
bloweybl
bmw3_2
bmw7st_1
bmwcra_1
bone010
boneS01
boneS10
boyd1
boyd2
brack2
brainpc2
bratu3d
Bump_2911
bundle1
bundle_adj
c-42
c-43
c-45
c-46
c-47
c-48
c-49
c-50
c-51
c-52
c-53
c-54
c-55
c-56
c-57
c-58
c-59
c-60
c-61
c-62
c-62ghs
c-63
c-64
c-64b
c-65
c-66
c-66b
c-67b
c-68
c-69
c-70
c-71
c-73
c-73b
ca-AstroPh
ca-CondMat
cage14
caidaRouterLevel
cant
case39
case9
c-big
cbuckle
ccc
cfd1
Chebyshev4
circuit_4
circuit5M_dc
citationCiteseer
cit-Patents
ckt11752_dc_1
ckt11752_tr_0
cnr-2000
CO
coAuthorsCiteseer
coAuthorsDBLP
cond-mat-2003
cond-mat-2005
conf5_4-8x8-05
conf5_4-8x8-10
conf5_4-8x8-15
conf5_4-8x8-20
conf6_0-8x8-20
conf6_0-8x8-30
conf6_0-8x8-80
consph
cont-201
cont-300
coPapersCiteseer
coPapersDBLP
copter1
CoupCons3D
crankseg_1
crankseg_2
crplat2
crystk02
crystk03
crystm02
crystm03
ct2010
ct20stif
Cube_Coup_dt0
Cube_Coup_dt6
CurlCurl_0
CurlCurl_4
cvxqp3
cyl6
darcy003
dawson5
dblp-2010
dc3
de2010
debr
delaunay_n15
delaunay_n16
delaunay_n17
delaunay_n18
delaunay_n19
delaunay_n20
delaunay_n21
delaunay_n22
denormal
dictionary28
dielFilterV2clx
dielFilterV2real
dielFilterV3clx
Dubcova1
Dubcova3
e40r0100
EAT_RS
ecology1
ecology2
email-Enron
Emilia_923
engine
enron
eu-2005
ex11
ex19
F1
F2
Fault_639
fcondp2
fem_hifreq_circuit
filter3D
finance256
Flan_1565
flickr
foldoc
Freescale1
fullb
fxm4_6
G2_circuit
G3_circuit
Ga10As10H30
Ga19As19H42
Ga3As3H12
Ga41As41H72
GaAsH6
gas_sensor
Ge87H76
Ge99H100
gearbox
Geo_1438
gridgena
gsm_106857
gupta1
gupta2
gupta3
gyro
gyro_k
gyro_m
H2O
halfb
Hamrle3
hangGlider_4
hangGlider_5
helm2d03
helm3d01
hi2010
hollywood-2009
hood
Hook_1498
HTC_336_4438
HTC_336_9129
human_gene1
human_gene2
ibm_matrix_2
igbt3
in-2004
inlet
inline_1
jan99jac120sc
juba40k
k3plates
kim1
kkt_power
kron_g500-logn16
kron_g500-logn17
kron_g500-logn18
kron_g500-logn19
kron_g500-logn20
laminar_duct3D
language
largebasis
ldoor
lhr34
lhr34c
lhr71
lhr71c
li
Long_Coup_dt0
Long_Coup_dt6
lowThrust_10
lowThrust_11
lowThrust_12
lowThrust_13
lowThrust_4
lowThrust_5
lowThrust_6
lowThrust_7
lowThrust_8
lowThrust_9
lp1
luxembourg_osm
m14b
mario001
mario002
mark3jac040sc
mark3jac060sc
me2010
memplus
mip1
ML_Laplace
mouse_gene
msc10848
msc23052
msdoor
m_t1
mult_dcop_01
mult_dcop_02
mult_dcop_03
NACA0015
nasasrb
nd12k
nd24k
nd6k
net100
net125
net150
net4-1
net50
net75
netherlands_osm
nh2010
NLR
NotreDame_www
nv2010
ohne2
oilpan
olafu
onetone2
OPF_10000
opt1
p2p-Gnutella31
parabolic_fem
patents
pattern1
pcrystk02
pcrystk03
pct20stif
pdb1HYS
pds10
PFlow_742
pkustk01
pkustk02
pkustk03
pkustk04
pkustk05
pkustk06
pkustk07
pkustk08
pkustk09
pkustk10
pkustk11
pkustk12
pkustk13
pkustk14
pli
PR02R
Pres_Poisson
pwtk
qa8fk
qa8fm
raefsky3
raefsky4
rajat15
rajat22
rajat26
ramage02
Reuters911
rgg_n_2_15_s0
rgg_n_2_22_s0
ri2010
rim
RM07R
rma10
roadNet-CA
roadNet-PA
roadNet-TX
s3dkq4m2
s3dkt3m2
s4dkt3m2
Serena
shermanACb
ship_001
ship_003
shipsec1
shipsec5
shipsec8
Si10H16
Si34H36
Si41Ge41H72
Si5H12
Si87H76
sinc15
SiO
SiO2
skirt
smallworld
sme3Dc
smt
soc-sign-Slashdot090221
sparsine
srb1
Stanford
std1_Jac2
std1_Jac3
stokes128
stokes64
struct3
t2dah
t2dah_a
t2dah_e
t3dh
t3dh_a
t3dh_e
t3dl
t3dl_a
tandem_vtx
ted_A
ted_AB
ted_AB_unscaled
ted_A_unscaled
ted_B_unscaled
thread
tmt_sym
torso1
transient
trdheim
Trefethen_20000
Trefethen_20000b
troll
TSOPF_FS_b162_c1
TSOPF_FS_b162_c3
TSOPF_FS_b162_c4
TSOPF_FS_b300
TSOPF_FS_b300_c1
TSOPF_FS_b300_c2
TSOPF_FS_b300_c3
TSOPF_FS_b39_c19
TSOPF_FS_b39_c30
TSOPF_FS_b39_c7
TSOPF_FS_b9_c6
TSOPF_RS_b162_c3
TSOPF_RS_b162_c4
TSOPF_RS_b2052_c1
TSOPF_RS_b2383
TSOPF_RS_b2383_c1
TSOPF_RS_b300_c1
TSOPF_RS_b300_c2
TSOPF_RS_b300_c3
TSOPF_RS_b39_c19
TSOPF_RS_b39_c30
TSOPF_RS_b39_c7
TSOPF_RS_b678_c1
TSOPF_RS_b678_c2
tsyl201
tube1
tube2
turon_m
usroads
usroads-48
vanbody
venturiLevel3
vibrobox
viscorocks
vsp_barth5_1Ksep_50in_5Kout
vsp_bcsstk30_500sep_10in_1Kout
vsp_befref_fxm_2_4_air02
vsp_bump2_e18_aa01_model1_crew1
vsp_c-30_data_data
vsp_c-60_data_cti_cs4
vsp_finan512_scagr7-2c_rlfddd
vsp_mod2_pgp2_slptsk
vsp_model1_crew1_cr42_south31
vsp_msc10848_300sep_100in_1Kout
vsp_p0291_seymourl_iiasa
vsp_sctap1-2b_and_seymourl
vsp_south31_slptsk
vsp_vibrobox_scagr7-2c_rlfddd
vt2010
wathen100
wathen120
web-Google
web-NotreDame
wikipedia-20051105
wikipedia-20060925
wikipedia-20061104
wikipedia-20070206
wiki-Talk
windscreen
wing_nodal
wy2010
x104
Zd_Jac2
ogb
reddit
GitHub
artist
ell
amazon
amazon0505
dd
yelp
comamazon
IGB_small
windscreen
mario002
af_3_k101
TSOPF_RS_b2383
lowThrust_9
c-64b
soc-sign-Slashdot090221
ted_A
mark3jac060sc
m14b
EAT_RS
vsp_mod2_pgp2_slptsk
ins2
af_shell4
debr
smallworld
lowThrust_10
igbt3
Ga10As10H30
ca-AstroPh
af_4_k101
TSOPF_FS_b300_c1
vanbody
p2p-Gnutella31
BenElechi1
dc3
rajat15
Flan_1565
vsp_south31_slptsk
delaunay_n19
sparsine
c-64
bcsstk25
bundle_adj
gyro_m
bcsstk35
case39
bcsstk31
Chebyshev4
kron_g500-logn19
enron
af_shell8
rma10
PR02R
ecology1
pkustk07
c-58
smt
as-Skitter
TSOPF_RS_b678_c2
HV15R
li
Trefethen_20000b
belgium_osm
pcrystk03
TSOPF_RS_b2383_c1
net150
ASIC_680k
Long_Coup_dt6
c-53
TSOPF_FS_b39_c7
barrier2-1
crystk03
conf6_0-8x8-20
Pres_Poisson
lhr34
crystk02
TSOPF_RS_b39_c19
bmwcra_1
pwtk
HTC_336_4438
G3_circuit
Ge87H76
boneS01
hugetric-00000
bmw3_2
ct2010
fcondp2
ljournal-2008
boyd2
cage14
pcrystk02
torso1
std1_Jac3
net125
sme3Dc
NACA0015
dielFilterV2real
vsp_barth5_1Ksep_50in_5Kout
nd6k
tandem_vtx
TSOPF_FS_b300_c2
me2010
Reuters911
Si41Ge41H72
conf5_4-8x8-15
gsm_106857
gupta2
cfd1
conf6_0-8x8-30
rajat22
memplus
roadNet-TX
ted_AB
cyl6
ohne2
mario001
ca-HepPh
halfb
kron_g500-logn17
pkustk05
Hook_1498
bcsstk29
lowThrust_11
crplat2
rgg_n_2_22_s0
circuit5M
italy_osm
pkustk11
a5esindl
soc-LiveJournal1
pattern1
human_gene1
TSOPF_RS_b39_c30
pkustk13
Si10H16
qa8fk
lhr34c
stokes128
tube1
Emilia_923
barrier2-12
c-55
rgg_n_2_15_s0
af_5_k101
af_2_k101
gupta1
onetone2
wiki-Talk
PFlow_742
ak2010
af_1_k101
lowThrust_7
gyro
TSOPF_FS_b162_c4
pkustk03
m_t1
barrier2-4
shipsec5
olafu
crystm03
s3dkt3m2
vsp_bcsstk30_500sep_10in_1Kout
wathen120
SiO2
c-51
c-70
a0nsdsil
cage15
largebasis
pct20stif
turon_m
c-66
in-2004
usroads-48
bcsstk39
eu-2005
gridgena
CO
tube2
NLR
F2
af_shell7
bcsstk32
cond-mat-2003
pli
ship_001
k3plates
boyd1
mouse_gene
usroads
ckt11752_dc_1
ex11
barrier2-10
c-68
struct3
mark3jac040sc
AS365
opt1
lhr71
roadNet-PA
c-52
cit-Patents
c-47
dielFilterV2clx
e40r0100
inline_1
pkustk09
vsp_model1_crew1_cr42_south31
msc10848
barrier2-2
vsp_finan512_scagr7-2c_rlfddd
TSOPF_RS_b300_c2
language
blockqp1
H2O
Ga19As19H42
helm3d01
c-73b
juba40k
vsp_c-60_data_cti_cs4
pkustk04
laminar_duct3D
Andrews
bcsstm36
pdb1HYS
pkustk14
Si87H76
engine
ecology2
mip1
nd24k
Zd_Jac3
c-67b
TSOPF_RS_b2052_c1
delaunay_n18
gupta3
GaAsH6
dblp-2010
dawson5
Geo_1438
tmt_sym
cnr-2000
delaunay_n16
kron_g500-logn18
af_shell3
lowThrust_8
Zd_Jac6
Hamrle3
Cube_Coup_dt0
std1_Jac2
crystm02
foldoc
bundle1
patents
ted_AB_unscaled
wathen100
c-62ghs
delaunay_n21
mult_dcop_02
bcsstk36
333SP
TSOPF_RS_b300_c1
Long_Coup_dt0
lp1
denormal
c-56
wikipedia-20051105
bcsstk30
astro-ph
conf5_4-8x8-10
kron_g500-logn16
af_shell9
fullb
c-big
3dtube
bcsstk37
pkustk08
TSOPF_FS_b39_c19
af_shell5
crankseg_1
bbmat
t3dh
x104
c-73
shipsec1
Trefethen_20000
net4-1
copter1
pkustk01
Freescale1
ramage02
circuit_4
s4dkt3m2
c-71
finance256
kron_g500-logn20
nd12k
3D_51448_3D
Cube_Coup_dt6
ex19
conf5_4-8x8-05
nasasrb
email-Enron
wy2010
lowThrust_12
NotreDame_www
filter3D
lowThrust_5
net100
CoupCons3D
barrier2-3
raefsky3
vsp_bump2_e18_aa01_model1_crew1
Ge99H100
net50
vsp_sctap1-2b_and_seymourl
nv2010
af_shell1
thread
hood
inlet
SiO
c-62
crankseg_2
vsp_vibrobox_scagr7-2c_rlfddd
Bump_2911
brack2
c-54
kim1
raefsky4
trdheim
boneS10
TSOPF_RS_b678_c1
consph
human_gene2
gearbox
c-63
barrier2-9
598a
wikipedia-20060925
Zd_Jac2
fxm4_6
TSOPF_FS_b39_c30
pkustk12
lhr71c
ted_A_unscaled
TSOPF_RS_b162_c4
c-60
audikw_1
lowThrust_6
t3dh_a
FullChip
caidaRouterLevel
netherlands_osm
af_shell10
Dubcova3
c-61
web-NotreDame
af_shell2
TSOPF_RS_b162_c3
a2nnsnsl
web-Google
wikipedia-20061104
dielFilterV3clx
luxembourg_osm
gas_sensor
kkt_power
coAuthorsCiteseer
msdoor
Ga3As3H12
c-50
pkustk10
t3dh_e
ibm_matrix_2
troll
3Dspectralwave
Stanford
bone010
c-65
af_0_k101
as-caida
rim
ckt11752_tr_0
circuit5M_dc
coAuthorsDBLP
bcsstk17
TSOPF_FS_b300_c3
TSOPF_FS_b162_c1
2D_54019_highK
rajat30
cont-201
citationCiteseer
OPF_10000
144
cant
3Dspectralwave2
F1
bmw7st_1
srb1
G2_circuit
rajat29
vsp_msc10848_300sep_100in_1Kout
ship_003
conf6_0-8x8-80
rajat26
TSOPF_RS_b39_c7
qa8fm
Si5H12
ldoor
TSOPF_FS_b300
coPapersDBLP
mult_dcop_03
af_shell6
cont-300
HTC_336_9129
Fault_639
auto
c-59
ML_Laplace
Ga41As41H72
amazon0505
oilpan
3D_28984_Tetra
pkustk02
c-69
lowThrust_13
c-66b
s3dkq4m2
hollywood-2009
RM07R
c-57
helm2d03
t3dl_a
skirt
Serena
darcy003
t3dl
transient
nh2010
ct20stif
coPapersCiteseer
cbuckle
roadNet-CA
viscorocks
TSOPF_FS_b162_c3
Dubcova1
venturiLevel3
mult_dcop_01
bauru5727
barrier2-11
TSOPF_RS_b300_c3
delaunay_n22
fem_hifreq_circuit
tsyl201
delaunay_n17
conf5_4-8x8-20
adaptive
Si34H36
shermanACb
net75
wikipedia-20070206
delaunay_n20
flickr
CurlCurl_4
shipsec8
2D_27628_bjtcai
pkustk06
parabolic_fem
jan99jac120sc
cond-mat-2005
sinc15
msc23052
vibrobox
gyro_k
GitHub
artist
ell
amazon
amazon0505
dd
yelp
comamazon
IGB_small
reddit
ogb
AmazonProducts
